mode: set
fiap-fast-food-ms-producao/domain/models/production_status.go:14.33,16.2 1 1
fiap-fast-food-ms-producao/domain/models/production_status.go:18.51,19.13 1 1
fiap-fast-food-ms-producao/domain/models/production_status.go:21.17,21.22 1 1
fiap-fast-food-ms-producao/domain/models/production_status.go:22.21,23.25 1 1
fiap-fast-food-ms-producao/domain/models/production_status.go:24.19,25.24 1 1
fiap-fast-food-ms-producao/domain/models/production_status.go:26.16,27.21 1 1
fiap-fast-food-ms-producao/domain/models/production_status.go:28.11,29.41 1 1
fiap-fast-food-ms-producao/domain/models/production_status.go:33.39,35.2 1 1
fiap-fast-food-ms-producao/domain/dto/production_order.go:11.93,16.2 2 1
fiap-fast-food-ms-producao/main.go:19.89,21.48 2 1
fiap-fast-food-ms-producao/main.go:21.48,23.17 2 1
fiap-fast-food-ms-producao/main.go:23.17,25.4 1 1
fiap-fast-food-ms-producao/main.go:27.2,33.38 5 1
fiap-fast-food-ms-producao/main.go:36.89,41.2 3 1
fiap-fast-food-ms-producao/main.go:42.13,47.16 5 1
fiap-fast-food-ms-producao/main.go:47.16,49.3 1 1
fiap-fast-food-ms-producao/main.go:51.2,54.31 4 1
fiap-fast-food-ms-producao/domain/dto/production_order.go:11.93,16.2 2 1
fiap-fast-food-ms-producao/main/producer/production_order_update.go:12.123,15.26 2 1
fiap-fast-food-ms-producao/main/producer/production_order_update.go:15.26,21.17 2 1
fiap-fast-food-ms-producao/main/producer/production_order_update.go:21.17,23.4 2 1
fiap-fast-food-ms-producao/main/producer/production_order_update.go:26.2,26.12 1 1
fiap-fast-food-ms-producao/infra/db/main.go:21.95,25.16 4 1
fiap-fast-food-ms-producao/infra/db/main.go:25.16,27.3 1 1
fiap-fast-food-ms-producao/infra/db/main.go:28.2,28.23 1 1
fiap-fast-food-ms-producao/infra/db/main.go:31.88,35.48 4 1
fiap-fast-food-ms-producao/infra/db/main.go:35.48,38.3 2 1
fiap-fast-food-ms-producao/infra/db/main.go:39.2,39.15 1 1
fiap-fast-food-ms-producao/infra/db/main.go:42.119,48.16 4 1
fiap-fast-food-ms-producao/infra/db/main.go:48.16,51.3 1 1
fiap-fast-food-ms-producao/infra/db/main.go:51.2,51.26 1 1
fiap-fast-food-ms-producao/infra/db/main.go:54.46,56.2 1 1
fiap-fast-food-ms-producao/infra/db/main.go:58.94,62.16 4 1
fiap-fast-food-ms-producao/infra/db/main.go:62.16,64.3 1 1
fiap-fast-food-ms-producao/infra/db/main.go:65.2,65.57 1 1
fiap-fast-food-ms-producao/infra/db/main.go:65.57,67.3 1 1
fiap-fast-food-ms-producao/infra/db/main.go:68.2,69.46 2 1
fiap-fast-food-ms-producao/domain/dto/production_order.go:11.93,16.2 2 1
fiap-fast-food-ms-producao/main/router/api/product/create_product.go:11.35,14.47 2 1
fiap-fast-food-ms-producao/main/router/api/product/create_product.go:14.47,17.3 2 1
fiap-fast-food-ms-producao/main/router/api/product/create_product.go:19.2,26.28 5 1
fiap-fast-food-ms-producao/main/router/api/product/create_product.go:26.28,29.3 2 1
fiap-fast-food-ms-producao/main/router/api/product/create_product.go:31.2,31.52 1 1
fiap-fast-food-ms-producao/main/router/api/product/update_product.go:16.41,28.28 8 1
fiap-fast-food-ms-producao/main/router/api/product/update_product.go:28.28,31.3 2 1
fiap-fast-food-ms-producao/main/router/api/product/update_product.go:33.2,34.16 2 1
fiap-fast-food-ms-producao/main/router/api/product/update_product.go:34.16,37.3 2 1
fiap-fast-food-ms-producao/main/router/api/product/update_product.go:38.2,39.8 2 1
fiap-fast-food-ms-producao/main/router/api/product/update_product.go:39.8,41.3 1 1
fiap-fast-food-ms-producao/main/router/api/product/update_product.go:43.2,51.16 6 1
fiap-fast-food-ms-producao/main/router/api/product/update_product.go:51.16,54.3 2 1
fiap-fast-food-ms-producao/main/router/api/product/update_product.go:56.2,61.31 4 1
fiap-fast-food-ms-producao/main/router/api/product/update_product.go:63.64,66.16 2 1
fiap-fast-food-ms-producao/main/router/api/product/update_product.go:66.16,68.3 1 1
fiap-fast-food-ms-producao/main/router/api/product/update_product.go:71.2,71.22 1 1
fiap-fast-food-ms-producao/main/router/middleware/share_contex.go:11.161,11.31 1 1
fiap-fast-food-ms-producao/main/router/middleware/share_contex.go:11.31,16.3 4 1
fiap-fast-food-ms-producao/main/worker/production_order.go:9.99,11.9 2 1
fiap-fast-food-ms-producao/main/worker/production_order.go:12.23,14.65 2 1
fiap-fast-food-ms-producao/main/worker/production_order.go:14.65,15.83 1 1
fiap-fast-food-ms-producao/main/worker/production_order.go:15.83,17.5 1 1
fiap-fast-food-ms-producao/main/worker/production_order.go:19.3,21.44 3 1
fiap-fast-food-ms-producao/main/worker/worker.go:24.44,25.6 1 1
fiap-fast-food-ms-producao/main/worker/worker.go:25.6,27.17 2 1
fiap-fast-food-ms-producao/main/worker/worker.go:27.17,29.9 2 1
fiap-fast-food-ms-producao/main/worker/worker.go:31.3,31.32 1 1
fiap-fast-food-ms-producao/main/worker/worker.go:31.32,34.69 2 1
fiap-fast-food-ms-producao/main/worker/worker.go:34.69,37.5 2 1
fiap-fast-food-ms-producao/main/worker/worker.go:39.4,45.18 3 1
fiap-fast-food-ms-producao/main/worker/worker.go:45.18,47.13 2 1
fiap-fast-food-ms-producao/main/worker/worker.go:54.74,56.2 1 1
fiap-fast-food-ms-producao/main/worker/worker.go:58.91,65.16 2 1
fiap-fast-food-ms-producao/main/worker/worker.go:65.16,67.3 1 1
fiap-fast-food-ms-producao/main/worker/worker.go:68.2,68.26 1 1
fiap-fast-food-ms-producao/main/worker/worker.go:71.133,91.2 11 1
fiap-fast-food-ms-producao/main/worker/worker.go:98.41,115.2 1 1
