mode: set
fiap-fast-food-ms-producao/main.go:19.89,21.48 2 1
fiap-fast-food-ms-producao/main.go:21.48,23.17 2 1
fiap-fast-food-ms-producao/main.go:23.17,25.4 1 1
fiap-fast-food-ms-producao/main.go:27.2,33.38 5 1
fiap-fast-food-ms-producao/main.go:36.89,40.2 3 1
fiap-fast-food-ms-producao/main.go:42.13,47.16 5 1
fiap-fast-food-ms-producao/main.go:47.16,49.3 1 1
fiap-fast-food-ms-producao/main.go:51.2,54.30 4 1
fiap-fast-food-ms-producao/domain/dto/production_order.go:10.93,16.2 2 0
fiap-fast-food-ms-producao/domain/models/production_status.go:14.33,16.2 1 1
fiap-fast-food-ms-producao/domain/models/production_status.go:18.51,19.13 1 1
fiap-fast-food-ms-producao/domain/models/production_status.go:20.17,21.22 1 1
fiap-fast-food-ms-producao/domain/models/production_status.go:22.20,23.25 1 1
fiap-fast-food-ms-producao/domain/models/production_status.go:24.19,25.24 1 1
fiap-fast-food-ms-producao/domain/models/production_status.go:26.16,27.21 1 1
fiap-fast-food-ms-producao/domain/models/production_status.go:28.10,29.41 1 1
fiap-fast-food-ms-producao/domain/models/production_status.go:33.39,35.2 1 1
fiap-fast-food-ms-producao/infra/ctx/main.go:19.53,23.2 3 1
fiap-fast-food-ms-producao/infra/ctx/main.go:25.46,29.2 3 1
fiap-fast-food-ms-producao/infra/ctx/main.go:31.56,32.33 1 1
fiap-fast-food-ms-producao/infra/ctx/main.go:32.33,34.3 1 1
fiap-fast-food-ms-producao/infra/ctx/main.go:37.63,39.45 2 1
fiap-fast-food-ms-producao/infra/ctx/main.go:39.45,41.3 1 1
fiap-fast-food-ms-producao/infra/ctx/main.go:43.2,43.38 1 1
fiap-fast-food-ms-producao/infra/ctx/main.go:43.38,45.3 1 1
fiap-fast-food-ms-producao/infra/ctx/main.go:46.2,46.12 1 1
fiap-fast-food-ms-producao/infra/ctx/main.go:49.57,55.16 4 0
fiap-fast-food-ms-producao/infra/ctx/main.go:55.16,57.3 1 0
fiap-fast-food-ms-producao/infra/ctx/main.go:58.2,59.13 2 0
fiap-fast-food-ms-producao/infra/db/main.go:19.95,23.16 4 1
fiap-fast-food-ms-producao/infra/db/main.go:23.16,25.3 1 1
fiap-fast-food-ms-producao/infra/db/main.go:26.2,26.23 1 0
fiap-fast-food-ms-producao/infra/db/main.go:29.88,33.48 4 1
fiap-fast-food-ms-producao/infra/db/main.go:33.48,36.3 2 1
fiap-fast-food-ms-producao/infra/db/main.go:37.2,37.15 1 1
fiap-fast-food-ms-producao/infra/db/main.go:40.109,46.16 4 1
fiap-fast-food-ms-producao/infra/db/main.go:46.16,48.3 1 1
fiap-fast-food-ms-producao/infra/db/main.go:49.2,49.26 1 0
fiap-fast-food-ms-producao/infra/db/main.go:52.46,54.2 1 1
fiap-fast-food-ms-producao/infra/db/main.go:56.94,60.16 4 1
fiap-fast-food-ms-producao/infra/db/main.go:60.16,62.3 1 1
fiap-fast-food-ms-producao/infra/db/main.go:63.2,63.57 1 1
fiap-fast-food-ms-producao/infra/db/main.go:63.57,65.3 1 1
fiap-fast-food-ms-producao/infra/db/main.go:66.2,67.46 2 1
fiap-fast-food-ms-producao/infra/sqs/sqs.go:13.59,17.16 2 1
fiap-fast-food-ms-producao/infra/sqs/sqs.go:17.16,19.3 1 0
fiap-fast-food-ms-producao/infra/sqs/sqs.go:21.2,21.27 1 1
fiap-fast-food-ms-producao/main/producer/production_order_update.go:12.123,15.26 2 1
fiap-fast-food-ms-producao/main/producer/production_order_update.go:15.26,20.17 2 1
fiap-fast-food-ms-producao/main/producer/production_order_update.go:20.17,23.4 2 0
fiap-fast-food-ms-producao/main/producer/production_order_update.go:26.2,26.12 1 1
fiap-fast-food-ms-producao/domain/dto/production_order.go:10.93,16.2 2 1
fiap-fast-food-ms-producao/main/router/api/product/create_product.go:11.35,14.47 2 1
fiap-fast-food-ms-producao/main/router/api/product/create_product.go:14.47,17.3 2 1
fiap-fast-food-ms-producao/main/router/api/product/create_product.go:19.2,26.28 5 1
fiap-fast-food-ms-producao/main/router/api/product/create_product.go:26.28,29.3 2 1
fiap-fast-food-ms-producao/main/router/api/product/create_product.go:30.2,30.52 1 1
fiap-fast-food-ms-producao/main/router/api/product/update_product.go:16.41,28.28 8 1
fiap-fast-food-ms-producao/main/router/api/product/update_product.go:28.28,31.3 2 0
fiap-fast-food-ms-producao/main/router/api/product/update_product.go:33.2,34.16 2 1
fiap-fast-food-ms-producao/main/router/api/product/update_product.go:34.16,37.3 2 0
fiap-fast-food-ms-producao/main/router/api/product/update_product.go:38.2,39.8 2 1
fiap-fast-food-ms-producao/main/router/api/product/update_product.go:39.8,41.3 1 1
fiap-fast-food-ms-producao/main/router/api/product/update_product.go:43.2,51.16 6 1
fiap-fast-food-ms-producao/main/router/api/product/update_product.go:51.16,54.3 2 0
fiap-fast-food-ms-producao/main/router/api/product/update_product.go:56.2,60.30 4 1
fiap-fast-food-ms-producao/main/router/api/product/update_product.go:63.64,66.16 2 1
fiap-fast-food-ms-producao/main/router/api/product/update_product.go:66.16,68.3 1 0
fiap-fast-food-ms-producao/main/router/api/product/update_product.go:70.2,70.22 1 1
fiap-fast-food-ms-producao/main/router/middleware/share_contex.go:10.161,11.30 1 1
fiap-fast-food-ms-producao/main/router/middleware/share_contex.go:11.30,16.3 4 1
fiap-fast-food-ms-producao/main/worker/production_order.go:9.99,11.9 2 1
fiap-fast-food-ms-producao/main/worker/production_order.go:12.23,14.65 2 1
fiap-fast-food-ms-producao/main/worker/production_order.go:14.65,15.83 1 1
fiap-fast-food-ms-producao/main/worker/production_order.go:15.83,17.5 1 0
fiap-fast-food-ms-producao/main/worker/production_order.go:19.3,21.44 3 1
fiap-fast-food-ms-producao/main/worker/worker.go:24.44,25.6 1 1
fiap-fast-food-ms-producao/main/worker/worker.go:25.6,27.17 2 1
fiap-fast-food-ms-producao/main/worker/worker.go:27.17,29.9 2 1
fiap-fast-food-ms-producao/main/worker/worker.go:31.3,31.32 1 0
fiap-fast-food-ms-producao/main/worker/worker.go:31.32,34.69 2 0
fiap-fast-food-ms-producao/main/worker/worker.go:34.69,37.5 2 0
fiap-fast-food-ms-producao/main/worker/worker.go:39.4,45.18 3 0
fiap-fast-food-ms-producao/main/worker/worker.go:45.18,47.13 2 0
fiap-fast-food-ms-producao/main/worker/worker.go:54.74,56.2 1 1
fiap-fast-food-ms-producao/main/worker/worker.go:58.91,65.16 2 1
fiap-fast-food-ms-producao/main/worker/worker.go:65.16,67.3 1 1
fiap-fast-food-ms-producao/main/worker/worker.go:68.2,68.26 1 0
fiap-fast-food-ms-producao/main/worker/worker.go:71.133,96.2 10 1
fiap-fast-food-ms-producao/domain/dto/production_order.go:10.93,16.2 2 1
fiap-fast-food-ms-producao/main/router/router.go:12.143,20.2 5 1
